<?xml version="1.0" encoding="UTF-8"?>
<!-- Generated by org.testng.reporters.JUnitReportReporter -->
<testsuite skipped="0" hostname="LAPTOP-5DCVRO90" name="framework.project.FlightSearchTests" tests="1" failures="0" timestamp="03 Sep 2018 10:50:14 GMT" time="13.977" errors="0">
  <testcase name="shouldSearchFlight" time="13.977" classname="framework.project.FlightSearchTests"/>
</testsuite> <!-- framework.project.FlightSearchTests -->
