<?xml version="1.0" encoding="UTF-8"?>
<!-- Generated by org.testng.reporters.JUnitReportReporter -->
<testsuite skipped="0" hostname="LAPTOP-5DCVRO90" name="test.tests.FlightSearchTests" tests="1" failures="0" timestamp="03 Sep 2018 11:02:15 GMT" time="30.332" errors="0">
  <testcase name="shouldSearchFlight" time="30.332" classname="test.tests.FlightSearchTests"/>
</testsuite> <!-- test.tests.FlightSearchTests -->
