<?xml version="1.0" encoding="UTF-8"?>
<!-- Generated by org.testng.reporters.JUnitReportReporter -->
<testsuite skipped="0" hostname="LAPTOP-5DCVRO90" name="framework.project.PayslipTests" tests="1" failures="0" timestamp="24 Aug 2018 09:43:44 GMT" time="4.391" errors="0">
  <testcase name="ShouldStorePayslip" time="4.391" classname="framework.project.PayslipTests"/>
</testsuite> <!-- framework.project.PayslipTests -->
