<?xml version="1.0" encoding="UTF-8"?>
<!-- Generated by org.testng.reporters.JUnitReportReporter -->
<testsuite skipped="0" hostname="LAPTOP-5DCVRO90" name="framework.project.AppTest" tests="1" failures="0" timestamp="23 Aug 2018 11:09:40 GMT" time="0.008" errors="0">
  <testcase name="shouldAnswerWithTrue" time="0.008" classname="framework.project.AppTest"/>
</testsuite> <!-- framework.project.AppTest -->
